  Day15.cpp
C:\AoC2019\Day15\Day15\Day15.cpp(58,39): warning C4244: 'argument': conversion from 'int64' to 'const unsigned int', possible loss of data
C:\AoC2019\Day15\Day15\Day15.cpp(129,34): warning C4244: 'argument': conversion from 'int64' to 'const unsigned int', possible loss of data
C:\AoC2019\Day15\Day15\Day15.cpp(130,23): warning C4244: 'argument': conversion from 'int64' to 'const unsigned int', possible loss of data
C:\AoC2019\Day15\Day15\Day15.cpp(131,38): warning C4244: 'argument': conversion from 'int64' to 'const unsigned int', possible loss of data
C:\AoC2019\Day15\Day15\Day15.cpp(131,46): warning C4244: 'argument': conversion from '_Ty' to 'const unsigned int', possible loss of data
C:\AoC2019\Day15\Day15\Day15.cpp(131,46): warning C4244:         with
C:\AoC2019\Day15\Day15\Day15.cpp(131,46): warning C4244:         [
C:\AoC2019\Day15\Day15\Day15.cpp(131,46): warning C4244:             _Ty=int64
C:\AoC2019\Day15\Day15\Day15.cpp(131,46): warning C4244:         ]
C:\AoC2019\Day15\Day15\Day15.cpp(132,28): warning C4244: 'argument': conversion from 'int64' to 'const unsigned int', possible loss of data
C:\AoC2019\Day15\Day15\Day15.cpp(133,54): warning C4244: 'argument': conversion from 'int64' to 'const unsigned int', possible loss of data
C:\AoC2019\Day15\Day15\Day15.cpp(133,39): warning C4244: 'argument': conversion from '_Ty' to 'const unsigned int', possible loss of data
C:\AoC2019\Day15\Day15\Day15.cpp(133,39): warning C4244:         with
C:\AoC2019\Day15\Day15\Day15.cpp(133,39): warning C4244:         [
C:\AoC2019\Day15\Day15\Day15.cpp(133,39): warning C4244:             _Ty=int64
C:\AoC2019\Day15\Day15\Day15.cpp(133,39): warning C4244:         ]
  Generating code
  1 of 421 functions ( 0.2%) were compiled, the rest were copied from previous compilation.
    0 functions were new in current compilation
    0 functions had inline decision re-evaluated but remain unchanged
  Finished generating code
  Day15.vcxproj -> C:\AoC2019\Day15\Release\Day15.exe
